<?xml version="1.0" encoding="UTF-8"?>
<testng-results skipped="0" failed="0" ignored="0" total="1" passed="1">
  <reporter-output>
  </reporter-output>
  <suite name="Default suite" duration-ms="4358" started-at="2021-05-11T00:19:18 AEST" finished-at="2021-05-11T00:19:22 AEST">
    <groups>
    </groups>
    <test name="Default test" duration-ms="4358" started-at="2021-05-11T00:19:18 AEST" finished-at="2021-05-11T00:19:22 AEST">
      <class name="StepDefinitions.BookingSuccessFlow">
        <test-method status="PASS" signature="browser_is_open()[pri:0, instance:StepDefinitions.BookingSuccessFlow@2a556333]" name="browser_is_open" duration-ms="4281" started-at="2021-05-11T00:19:18 AEST" finished-at="2021-05-11T00:19:22 AEST">
          <reporter-output>
          </reporter-output>
        </test-method> <!-- browser_is_open -->
      </class> <!-- StepDefinitions.BookingSuccessFlow -->
    </test> <!-- Default test -->
  </suite> <!-- Default suite -->
</testng-results>
